<?xml version="1.0" encoding="UTF-8"?>
<!-- Generated by org.testng.reporters.JUnitXMLReporter -->
<testsuite hostname="DESKTOP-2O7A7D4" name="Default test" tests="4" failures="0" timestamp="19 Jan 2022 09:56:33 GMT" time="270.043" errors="0">
  <testcase name="registrationPage" time="85.325" classname="functionality.Amazon"/>
  <testcase name="loginPage" time="40.779" classname="functionality.Amazon"/>
  <testcase name="searchPage" time="61.837" classname="functionality.Amazon"/>
  <testcase name="addCart" time="79.935" classname="functionality.Amazon"/>
</testsuite> <!-- Default test -->
