<?xml version="1.0" encoding="UTF-8"?>
<testng-results skipped="0" failed="0" total="4" passed="4">
  <reporter-output>
  </reporter-output>
  <suite name="Default suite" duration-ms="270043" started-at="2022-01-19T09:51:58Z" finished-at="2022-01-19T09:56:28Z">
    <groups>
    </groups>
    <test name="Default test" duration-ms="270043" started-at="2022-01-19T09:51:58Z" finished-at="2022-01-19T09:56:28Z">
      <class name="functionality.Amazon">
        <test-method status="PASS" signature="registrationPage()[pri:0, instance:functionality.Amazon@7471b5]" name="registrationPage" duration-ms="85325" started-at="2022-01-19T15:21:58Z" finished-at="2022-01-19T15:23:23Z">
          <reporter-output>
          </reporter-output>
        </test-method> <!-- registrationPage -->
        <test-method status="PASS" signature="loginPage()[pri:0, instance:functionality.Amazon@7471b5]" name="loginPage" duration-ms="40779" started-at="2022-01-19T15:23:23Z" finished-at="2022-01-19T15:24:04Z">
          <reporter-output>
          </reporter-output>
        </test-method> <!-- loginPage -->
        <test-method status="PASS" signature="searchPage()[pri:0, instance:functionality.Amazon@7471b5]" name="searchPage" duration-ms="61837" started-at="2022-01-19T15:24:04Z" finished-at="2022-01-19T15:25:06Z">
          <reporter-output>
          </reporter-output>
        </test-method> <!-- searchPage -->
        <test-method status="PASS" signature="addCart()[pri:0, instance:functionality.Amazon@7471b5]" name="addCart" duration-ms="79935" started-at="2022-01-19T15:25:06Z" finished-at="2022-01-19T15:26:26Z">
          <reporter-output>
          </reporter-output>
        </test-method> <!-- addCart -->
      </class> <!-- functionality.Amazon -->
    </test> <!-- Default test -->
  </suite> <!-- Default suite -->
</testng-results>
